<?xml version="1.0" encoding="UTF-8"?>
<!-- Generated by org.testng.reporters.JUnitReportReporter -->
<testsuite hostname="Shiveena" failures="0" tests="3" name="rahulshettyacademy2.tests.SubmitOrderTest" time="21.841" errors="0" timestamp="2024-11-29T21:58:45 GMT" skipped="0">
  <testcase classname="rahulshettyacademy2.tests.SubmitOrderTest" name="submitOrder" time="8.288"/>
  <testcase classname="rahulshettyacademy2.tests.SubmitOrderTest" name="submitOrder" time="8.480"/>
  <testcase classname="rahulshettyacademy2.tests.SubmitOrderTest" name="orderHistoryTest" time="5.073"/>
</testsuite> <!-- rahulshettyacademy2.tests.SubmitOrderTest -->
